#
# There is insufficient memory for the Java Runtime Environment to continue.
# Native memory allocation (mmap) failed to map 2097152 bytes for G1 virtual space
# Possible reasons:
#   The system is out of physical RAM or swap space
#   The process is running with CompressedOops enabled, and the Java Heap may be blocking the growth of the native heap
# Possible solutions:
#   Reduce memory load on the system
#   Increase physical memory or swap space
#   Check if swap backing store is full
#   Decrease Java heap size (-Xmx/-Xms)
#   Decrease number of Java threads
#   Decrease Java thread stack sizes (-Xss)
#   Set larger code cache with -XX:ReservedCodeCacheSize=
#   JVM is running with Unscaled Compressed Oops mode in which the Java heap is
#     placed in the first 4GB address space. The Java Heap base address is the
#     maximum limit for the native heap growth. Please use -XX:HeapBaseMinAddress
#     to set the Java Heap base and to place the Java Heap above 4GB virtual address.
# This output file may be truncated or incomplete.
#
#  Out of Memory Error (os_windows.cpp:3541), pid=54872, tid=52516
#
# JRE version:  (17.0.4.1+1) (build )
# Java VM: OpenJDK 64-Bit Server VM (17.0.4.1+1, mixed mode, sharing, tiered, compressed oops, compressed class ptrs, g1 gc, windows-amd64)
# No core dump will be written. Minidumps are not enabled by default on client versions of Windows
#

---------------  S U M M A R Y ------------

Command Line: -Dfile.encoding=UTF-8 -XX:+ShowCodeDetailsInExceptionMessages fr.usmb.projetidu.utils.ScrappingTest

Host: Intel(R) Core(TM) i5-6400 CPU @ 2.70GHz, 4 cores, 7G,  Windows 10 , 64 bit Build 19041 (10.0.19041.2788)
Time: Mon Apr 24 15:26:15 2023 Paris, Madrid (heure duild 19041 (10.0.19041.2788) elapsed time: 0.015074 seconds (0d 0h 0m 0s)

---------------  T H R E A D  ---------------

Current thread (0x000002657ad9b120):  JavaThread "Unknown thread" [_thread_in_vm, id=52516, stack(0x000000b4e0300000,0x000000b4e0400000)]

Stack: [0x000000b4e0300000,0x000000b4e0400000]
Native frames: (J=compiled Java code, j=interpreted, Vv=VM code, C=native code)
V  [jvm.dll+0x67731a]
V  [jvm.dll+0x832284]
V  [jvm.dll+0x833a2e]
V  [jvm.dll+0x834093]
V  [jvm.dll+0x245775]
V  [jvm.dll+0x674209]
V  [jvm.dll+0x668a92]
V  [jvm.dll+0x30471b]
V  [jvm.dll+0x30bc66]
V  [jvm.dll+0x35bac8]
V  [jvm.dll+0x35bccf]
V  [jvm.dll+0x2db5b8]
V  [jvm.dll+0x2dc524]
V  [jvm.dll+0x803db1]
V  [jvm.dll+0x3698f1]
V  [jvm.dll+0x7e31bc]
V  [jvm.dll+0x3ec25f]
V  [jvm.dll+0x3edde1]
C  [jli.dll+0x5277]
C  [ucrtbase.dll+0x21bb2]
C  [KERNEL32.DLL+0x17604]
C  [ntdll.dll+0x526a1]


---------------  P R O C E S S  ---------------

Threads class SMR info:
_java_thread_list=0x00007ffde8514e98, length=0, elements={
}

Java Threads: ( => current thread )

Other Threads:
  0x000002657adf4490 GCTaskThread "GC Thread#0" [stack: 0x000000b4e0400000,0x000000b4e0500000] [id=56136]
  0x000002657ae05930 ConcurrentGCThread "G1 Main Marker" [stack: 0x000000b4e0500000,0x000000b4e0600000] [id=55748]
  0x000002657ae07350 ConcurrentGCThread "G1 Conc#0" [stack: 0x000000b4e0600000,0x000000b4e0700000] [id=56156]

[error occurred during error reporting (printing all threads), id 0xc0000005, EXCEPTION_ACCESS_VIOLATION (0xc0000005) at pc=0x00007ffde7cec047]

VM state: not at safepoint (not fully initialized)

VM Mutex/Monitor currently owned by a thread:  ([mutex/lock_event])
[0x000002657ad96cd0] Heap_lock - owner thread: 0x000002657ad9b120

Heap address: 0x0000000081200000, size: 2030 MB, Compressed Oops mode: 32-bit

CDS archive(s) mapped at: [0x0000000000000000-0x0000000000000000-0x0000000000000000), size 0, SharedBaseAddress: 0x0000000800000000, ArchiveRelocationMode: 0.
Narrow klass base: 0x0000000000000000, Narrow klass shift: 0, Narrow klass range: 0x0

GC Precious Log:
<Empty>

Heap:
 garbage-first heap   total 0K, used 0K [0x0000000081200000, 0x0000000100000000)
  region size 1024K, 0 young (0K), 0 survivors (0K)

[error occurred during error reporting (printing heap information), id 0xc0000005, EXCEPTION_ACCESS_VIOLATION (0xc0000005) at pc=0x00007ffde80d0699]

GC Heap History (0 events):
No events

Deoptimization events (0 events):
No events

Classes unloaded (0 events):
No events

Classes redefined (0 events):
No events

Internal exceptions (0 events):
No events

VM Operations (0 events):
No events

Events (1 events):
Event: 0.009 Loaded shared library C:\Users\thoma\.p2\pool\plugins\org.eclipse.justj.openjdk.hotspot.jre.full.win32.x86_64_17.0.4.v20221004-1257\jre\bin\java.dll


Dynamic libraries:
0x00007ff7ea340000 - 0x00007ff7ea34e000 	C:\Users\thoma\.p2\pool\plugins\org.eclipse.justj.openjdk.hotspot.jre.full.win32.x86_64_17.0.4.v20221004-1257\jre\bin\javaw.exe
0x00007ffe226f0000 - 0x00007ffe228e8000 	C:\WINDOWS\SYSTEM32\ntdll.dll
0x00007ffe20930000 - 0x00007ffe209ef000 	C:\WINDOWS\System32\KERNEL32.DLL
0x00007ffe200f0000 - 0x00007ffe203ca000 	C:\WINDOWS\System32\KERNELBASE.dll
0x00007ffe1fff0000 - 0x00007ffe200f0000 	C:\WINDOWS\System32\ucrtbase.dll
0x00007ffe1aa80000 - 0x00007ffe1aa98000 	C:\Users\thoma\.p2\pool\plugins\org.eclipse.justj.openjdk.hotspot.jre.full.win32.x86_64_17.0.4.v20221004-1257\jre\bin\jli.dll
0x00007ffe21430000 - 0x00007ffe215cd000 	C:\WINDOWS\System32\USER32.dll
0x00007ffe203d0000 - 0x00007ffe203f2000 	C:\WINDOWS\System32\win32u.dll
0x00007ffe20bb0000 - 0x00007ffe20bdb000 	C:\WINDOWS\System32\GDI32.dll
0x00007ffe204c0000 - 0x00007ffe205d0000 	C:\WINDOWS\System32\gdi32full.dll
0x00007ffe206b0000 - 0x00007ffe2074d000 	C:\WINDOWS\System32\msvcp_win.dll
0x00007ffe1aa60000 - 0x00007ffe1aa79000 	C:\Users\thoma\.p2\pool\plugins\org.eclipse.justj.openjdk.hotspot.jre.full.win32.x86_64_17.0.4.v20221004-1257\jre\bin\VCRUNTIME140.dll
0x00007ffe131f0000 - 0x00007ffe1348a000 	C:\WINDOWS\WinSxS\amd64_microsoft.windows.common-controls_6595b64144ccf1df_6.0.19041.1110_none_60b5254171f9507e\COMCTL32.dll
0x00007ffe209f0000 - 0x00007ffe20a8e000 	C:\WINDOWS\System32\msvcrt.dll
0x00007ffe20be0000 - 0x00007ffe20c10000 	C:\WINDOWS\System32\IMM32.DLL
0x00007ffe1a430000 - 0x00007ffe1a43c000 	C:\Users\thoma\.p2\pool\plugins\org.eclipse.justj.openjdk.hotspot.jre.full.win32.x86_64_17.0.4.v20221004-1257\jre\bin\vcruntime140_1.dll
0x00007ffdfe370000 - 0x00007ffdfe401000 	C:\Users\thoma\.p2\pool\plugins\org.eclipse.justj.openjdk.hotspot.jre.full.win32.x86_64_17.0.4.v20221004-1257\jre\bin\msvcp140.dll
0x00007ffde7a00000 - 0x00007ffde8646000 	C:\Users\thoma\.p2\pool\plugins\org.eclipse.justj.openjdk.hotspot.jre.full.win32.x86_64_17.0.4.v20221004-1257\jre\bin\server\jvm.dll
0x00007ffe20880000 - 0x00007ffe2092e000 	C:\WINDOWS\System32\ADVAPI32.dll
0x00007ffe22530000 - 0x00007ffe225cc000 	C:\WINDOWS\System32\sechost.dll
0x00007ffe20750000 - 0x00007ffe20876000 	C:\WINDOWS\System32\RPCRT4.dll
0x00007ffe21690000 - 0x00007ffe21698000 	C:\WINDOWS\System32\PSAPI.DLL
0x00007ffe1d620000 - 0x00007ffe1d629000 	C:\WINDOWS\SYSTEM32\WSOCK32.dll
0x00007ffe22390000 - 0x00007ffe223fb000 	C:\WINDOWS\System32\WS2_32.dll
0x00007ffe13f90000 - 0x00007ffe13fb7000 	C:\WINDOWS\SYSTEM32\WINMM.dll
0x00007ffe191b0000 - 0x00007ffe191ba000 	C:\WINDOWS\SYSTEM32\VERSION.dll
0x00007ffe1dce0000 - 0x00007ffe1dcf2000 	C:\WINDOWS\SYSTEM32\kernel.appcore.dll
0x00007ffe1d5c0000 - 0x00007ffe1d5ca000 	C:\Users\thoma\.p2\pool\plugins\org.eclipse.justj.openjdk.hotspot.jre.full.win32.x86_64_17.0.4.v20221004-1257\jre\bin\jimage.dll
0x00007ffe07460000 - 0x00007ffe07644000 	C:\WINDOWS\SYSTEM32\DBGHELP.DLL
0x00007ffe06f80000 - 0x00007ffe06fb4000 	C:\WINDOWS\SYSTEM32\dbgcore.DLL
0x00007ffe1fe00000 - 0x00007ffe1fe82000 	C:\WINDOWS\System32\bcryptPrimitives.dll
0x00007ffe1a680000 - 0x00007ffe1a6a5000 	C:\Users\thoma\.p2\pool\plugins\org.eclipse.justj.openjdk.hotspot.jre.full.win32.x86_64_17.0.4.v20221004-1257\jre\bin\java.dll

dbghelp: loaded successfully - version: 4.0.5 - missing functions: none
symbol engine: initialized successfully - sym options: 0x614 - pdb path: .;C:\Users\thoma\.p2\pool\plugins\org.eclipse.justj.openjdk.hotspot.jre.full.win32.x86_64_17.0.4.v20221004-1257\jre\bin;C:\WINDOWS\SYSTEM32;C:\WINDOWS\WinSxS\amd64_microsoft.windows.common-controls_6595b64144ccf1df_6.0.19041.1110_none_60b5254171f9507e;C:\Users\thoma\.p2\pool\plugins\org.eclipse.justj.openjdk.hotspot.jre.full.win32.x86_64_17.0.4.v20221004-1257\jre\bin\server

VM Arguments:
jvm_args: -Dfile.encoding=UTF-8 -XX:+ShowCodeDetailsInExceptionMessages 
java_command: fr.usmb.projetidu.utils.ScrappingTest
java_class_path (initial): C:\Users\thoma\Desktop\Projet_Idu\target\classes;C:\Users\thoma\.m2\repository\org\yaml\snakeyaml\2.0\snakeyaml-2.0.jar;C:\Users\thoma\.m2\repository\org\openjfx\javafx-controls\19\javafx-controls-19.jar;C:\Users\thoma\.m2\repository\org\openjfx\javafx-controls\19\javafx-controls-19-win.jar;C:\Users\thoma\.m2\repository\org\openjfx\javafx-graphics\19\javafx-graphics-19.jar;C:\Users\thoma\.m2\repository\org\openjfx\javafx-graphics\19\javafx-graphics-19-win.jar;C:\Users\thoma\.m2\repository\org\openjfx\javafx-base\19\javafx-base-19.jar;C:\Users\thoma\.m2\repository\org\openjfx\javafx-base\19\javafx-base-19-win.jar;C:\Users\thoma\.m2\repository\org\openjfx\javafx-fxml\19\javafx-fxml-19.jar;C:\Users\thoma\.m2\repository\org\openjfx\javafx-fxml\19\javafx-fxml-19-win.jar;C:\Users\thoma\.m2\repository\com\mysql\mysql-connector-j\8.0.33\mysql-connector-j-8.0.33.jar;C:\Users\thoma\.m2\repository\com\google\protobuf\protobuf-java\3.21.9\protobuf-java-3.21.9.jar;C:\Users\thoma\.m2\repository\org\jsoup\jsoup\1.15.4\jsoup-1.15.4.jar;C:\Users\thoma\.m2\repository\org\seleniumhq\selenium\selenium-java\4.8.3\selenium-java-4.8.3.jar;C:\Users\thoma\.m2\repository\org\seleniumhq\selenium\selenium-api\4.8.3\selenium-api-4.8.3.jar;C:\Users\thoma\.m2\repository\org\seleniumhq\selenium\selenium-chrome-driver\4.8.3\selenium-chrome-driver-4.8.3.jar;C:\Users\thoma\.m2\repository\com\google\auto\service\auto-service-annotations\1.0.1\auto-service-annotations-1.0.1.jar;C:\Users\thoma\.m2\repository\com\google\auto\service\auto-service\1.0.1\auto-service-1.0.1.jar;C:\Users\thoma\.m2\repository\com\google\auto\auto-common\1.2\auto-common-1.2.jar;C:\Users\thoma\.m2\repository\com\google\guava\guava\31.1-jre\guava-31.1-jre.jar;C:\Users\thoma\.m2\repository\com\google\guava\failureaccess\1.0.1\failureaccess-1.0.1.jar;C:\Users\thoma\.m2\repository\com\google\guava\listenablefuture\9999.0-empty-to-avoid-conflict-with-guava\listenablefuture-9999.0-empty-to-avoid-conflict-w
Launcher Type: SUN_STANDARD

[Global flags]
     intx CICompilerCount                          = 3                                         {product} {ergonomic}
     uint ConcGCThreads                            = 1                                         {product} {ergonomic}
     uint G1ConcRefinementThreads                  = 4                                         {product} {ergonomic}
   size_t G1HeapRegionSize                         = 1048576                                   {product} {ergonomic}
    uintx GCDrainStackTargetSize                   = 64                                        {product} {ergonomic}
   size_t InitialHeapSize                          = 134217728                                 {product} {ergonomic}
   size_t MarkStackSize                            = 4194304                                   {product} {ergonomic}
   size_t MaxHeapSize                              = 2128609280                                {product} {ergonomic}
   size_t MinHeapDeltaBytes                        = 1048576                                   {product} {ergonomic}
   size_t MinHeapSize                              = 8388608                                   {product} {ergonomic}
    uintx NonNMethodCodeHeapSize                   = 5832780                                {pd product} {ergonomic}
    uintx NonProfiledCodeHeapSize                  = 122912730                              {pd product} {ergonomic}
    uintx ProfiledCodeHeapSize                     = 122912730                              {pd product} {ergonomic}
    uintx ReservedCodeCacheSize                    = 251658240                              {pd product} {ergonomic}
     bool SegmentedCodeCache                       = true                                      {product} {ergonomic}
     bool ShowCodeDetailsInExceptionMessages       = true                                   {manageable} {command line}
   size_t SoftMaxHeapSize                          = 2128609280                             {manageable} {ergonomic}
     bool UseCompressedClassPointers               = true                           {product lp64_product} {ergonomic}
     bool UseCompressedOops                        = true                           {product lp64_product} {ergonomic}
     bool UseG1GC                                  = true                                      {product} {ergonomic}
     bool UseLargePagesIndividualAllocation        = false                                  {pd product} {ergonomic}

Logging:
Log output configuration:
 #0: stdout all=warning uptime,level,tags
 #1: stderr all=off uptime,level,tags

Environment Variables:
PATH=C:/Users/thoma/.p2/pool/plugins/org.eclipse.justj.openjdk.hotspot.jre.full.win32.x86_64_17.0.4.v20221004-1257/jre/bin/server;C:/Users/thoma/.p2/pool/plugins/org.eclipse.justj.openjdk.hotspot.jre.full.win32.x86_64_17.0.4.v20221004-1257/jre/bin;C:\Program Files\Common Files\Oracle\Java\javapath;C:\WINDOWS\system32;C:\WINDOWS;C:\WINDOWS\System32\Wbem;C:\WINDOWS\System32\WindowsPowerShell\v1.0\;C:\WINDOWS\System32\OpenSSH\;C:\Program Files\Kathara;;C:\Program Files\nodejs\;C:\Program Files\Docker\Docker\resources\bin;C:\Users\thoma\AppData\Local\Microsoft\WindowsApps;C:\Users\thoma\AppData\Local\Programs\Microsoft VS Code\bin;C:\Users\thoma\AppData\Roaming\npm;C:\Users\thoma\AppData\Local\GitHubDesktop\bin;C:\Users\thoma\AppData\Local\Programs\mongosh\;;C:\WINDOWS\System32;
USERNAME=thoma
OS=Windows_NT
PROCESSOR_IDENTIFIER=Intel64 Family 6 Model 94 Stepping 3, GenuineIntel
TMP=C:\Users\thoma\AppData\Local\Temp
TEMP=C:\Users\thoma\AppData\Local\Temp



---------------  S Y S T E M  ---------------

OS:
 Windows 10 , 64 bit Build 19041 (10.0.19041.2788)
OS uptime: 10 days 20:02 hours

CPU: total 4 (initial active 4) (4 cores per cpu, 1 threads per core) family 6 model 94 stepping 3 microcode 0xcc, cx8, cmov, fxsr, mmx, 3dnowpref, sse, sse2, sse3, ssse3, sse4.1, sse4.2, popcnt, lzcnt, tsc, tscinvbit, avx, avx2, aes, erms, clmul, bmi1, bmi2, adx, fma, vzeroupper, clflush, clflushopt

Memory: 4k page, system-wide physical 8117M (257M free)
TotalPageFile size 32693M (AvailPageFile size 6M)
current process WorkingSet (physical memory assigned to process): 10M, peak: 10M
current process commit charge ("private bytes"): 182M, peak: 183M

vm_info: OpenJDK 64-Bit Server VM (17.0.4.1+1) for windows-amd64 JRE (17.0.4.1+1), built on Aug 17 2022 07:42:43 by "temurin" with MS VC++ 16.7 (VS2019)

END.
