#
# There is insufficient memory for the Java Runtime Environment to continue.
# Native memory allocation (malloc) failed to allocate 654176 bytes for Chunk::new
# Possible reasons:
#   The system is out of physical RAM or swap space
#   The process is running with CompressedOops enabled, and the Java Heap may be blocking the growth of the native heap
# Possible solutions:
#   Reduce memory load on the system
#   Increase physical memory or swap space
#   Check if swap backing store is full
#   Decrease Java heap size (-Xmx/-Xms)
#   Decrease number of Java threads
#   Decrease Java thread stack sizes (-Xss)
#   Set larger code cache with -XX:ReservedCodeCacheSize=
#   JVM is running with Unscaled Compressed Oops mode in which the Java heap is
#     placed in the first 4GB address space. The Java Heap base address is the
#     maximum limit for the native heap growth. Please use -XX:HeapBaseMinAddress
#     to set the Java Heap base and to place the Java Heap above 4GB virtual address.
# This output file may be truncated or incomplete.
#
#  Out of Memory Error (arena.cpp:189), pid=49816, tid=56212
#
# JRE version: OpenJDK Runtime Environment Temurin-17.0.4.1+1 (17.0.4.1+1) (build 17.0.4.1+1)
# Java VM: OpenJDK 64-Bit Server VM Temurin-17.0.4.1+1 (17.0.4.1+1, mixed mode, tiered, compressed oops, compressed class ptrs, g1 gc, windows-amd64)
# No core dump will be written. Minidumps are not enabled by default on client versions of Windows
#

---------------  S U M M A R Y ------------

Command Line: -Dfile.encoding=UTF-8 -XX:+ShowCodeDetailsInExceptionMessages fr.usmb.projetidu.utils.ScrappingTest

Host: Intel(R) Core(TM) i5-6400 CPU @ 2.70GHz, 4 cores, 7G,  Windows 10 , 64 bit Build 19041 (10.0.19041.2788)
Time: Mon Apr 24 15:26:00 2023 Paris, Madrid (heure duild 19041 (10.0.19041.2788) elapsed time: 2.722753 seconds (0d 0h 0m 2s)

---------------  T H R E A D  ---------------

Current thread (0x00000184fa033070):  JavaThread "C2 CompilerThread0" daemon [_thread_in_native, id=56212, stack(0x00000053e3800000,0x00000053e3900000)]


Current CompileTask:
C2:   2722 1660   !   4       jdk.internal.loader.URLClassPath$JarLoader::getResource (354 bytes)

Stack: [0x00000053e3800000,0x00000053e3900000]
Native frames: (J=compiled Java code, j=interpreted, Vv=VM code, C=native code)
V  [jvm.dll+0x67731a]
V  [jvm.dll+0x832284]
V  [jvm.dll+0x833a2e]
V  [jvm.dll+0x834093]
V  [jvm.dll+0x245775]
V  [jvm.dll+0xabd7b]
V  [jvm.dll+0xac30c]
V  [jvm.dll+0x2ac80f]
V  [jvm.dll+0x57dd77]
V  [jvm.dll+0x220892]
V  [jvm.dll+0x21a069]
V  [jvm.dll+0x21799b]
V  [jvm.dll+0x1a3f8d]
V  [jvm.dll+0x227498]
V  [jvm.dll+0x2255e5]
V  [jvm.dll+0x7e7e9b]
V  [jvm.dll+0x7e240a]
V  [jvm.dll+0x6761a5]
C  [ucrtbase.dll+0x21bb2]
C  [KERNEL32.DLL+0x17604]
C  [ntdll.dll+0x526a1]


---------------  P R O C E S S  ---------------

Threads class SMR info:
_java_thread_list=0x00000184fbbee0d0, length=24, elements={
0x00000184dfd8b8b0, 0x00000184f94c3130, 0x00000184f94c3ce0, 0x00000184fa012880,
0x00000184fa013950, 0x00000184fa016430, 0x00000184fa01f630, 0x00000184fa033070,
0x00000184fa034270, 0x00000184fa035850, 0x00000184fa01ec90, 0x00000184fa020e40,
0x00000184fa01ffd0, 0x00000184fa01fb00, 0x00000184fa021310, 0x00000184fa021cb0,
0x00000184fa020970, 0x00000184fa0217e0, 0x00000184fa022180, 0x00000184fa022650,
0x00000184fa01f160, 0x00000184fbad0980, 0x00000184fbad2660, 0x00000184fbace7d0
}

Java Threads: ( => current thread )
  0x00000184dfd8b8b0 JavaThread "main" [_thread_in_vm, id=51284, stack(0x00000053e2b00000,0x00000053e2c00000)]
  0x00000184f94c3130 JavaThread "Reference Handler" daemon [_thread_blocked, id=43756, stack(0x00000053e3200000,0x00000053e3300000)]
  0x00000184f94c3ce0 JavaThread "Finalizer" daemon [_thread_blocked, id=47628, stack(0x00000053e3300000,0x00000053e3400000)]
  0x00000184fa012880 JavaThread "Signal Dispatcher" daemon [_thread_blocked, id=55904, stack(0x00000053e3400000,0x00000053e3500000)]
  0x00000184fa013950 JavaThread "Attach Listener" daemon [_thread_blocked, id=54968, stack(0x00000053e3500000,0x00000053e3600000)]
  0x00000184fa016430 JavaThread "Service Thread" daemon [_thread_blocked, id=54448, stack(0x00000053e3600000,0x00000053e3700000)]
  0x00000184fa01f630 JavaThread "Monitor Deflation Thread" daemon [_thread_blocked, id=48424, stack(0x00000053e3700000,0x00000053e3800000)]
=>0x00000184fa033070 JavaThread "C2 CompilerThread0" daemon [_thread_in_native, id=56212, stack(0x00000053e3800000,0x00000053e3900000)]
  0x00000184fa034270 JavaThread "C1 CompilerThread0" daemon [_thread_blocked, id=38836, stack(0x00000053e3900000,0x00000053e3a00000)]
  0x00000184fa035850 JavaThread "Sweeper thread" daemon [_thread_blocked, id=39388, stack(0x00000053e3a00000,0x00000053e3b00000)]
  0x00000184fa01ec90 JavaThread "Notification Thread" daemon [_thread_blocked, id=56120, stack(0x00000053e3b00000,0x00000053e3c00000)]
  0x00000184fa020e40 JavaThread "Common-Cleaner" daemon [_thread_blocked, id=54992, stack(0x00000053e3d00000,0x00000053e3e00000)]
  0x00000184fa01ffd0 JavaThread "ForkJoinPool.commonPool-worker-1" daemon [_thread_blocked, id=55084, stack(0x00000053e4100000,0x00000053e4200000)]
  0x00000184fa01fb00 JavaThread "AsyncHttpClient-1-1" daemon [_thread_blocked, id=55500, stack(0x00000053e4200000,0x00000053e4300000)]
  0x00000184fa021310 JavaThread "Exec Default Executor" daemon [_thread_in_native, id=55528, stack(0x00000053e4300000,0x00000053e4400000)]
  0x00000184fa021cb0 JavaThread "Exec Stream Pumper" daemon [_thread_in_native, id=55552, stack(0x00000053e4400000,0x00000053e4500000)]
  0x00000184fa020970 JavaThread "Exec Stream Pumper" daemon [_thread_in_native, id=55572, stack(0x00000053e4500000,0x00000053e4600000)]
  0x00000184fa0217e0 JavaThread "Driver Service Executor" daemon [_thread_blocked, id=55344, stack(0x00000053e4600000,0x00000053e4700000)]
  0x00000184fa022180 JavaThread "Driver Service Executor" daemon [_thread_blocked, id=55324, stack(0x00000053e4700000,0x00000053e4800000)]
  0x00000184fa022650 JavaThread "UrlChecker-2" daemon [_thread_blocked, id=55712, stack(0x00000053e4800000,0x00000053e4900000)]
  0x00000184fa01f160 JavaThread "Keep-Alive-Timer" daemon [_thread_blocked, id=55328, stack(0x00000053e4a00000,0x00000053e4b00000)]
  0x00000184fbad0980 JavaThread "AsyncHttpClient-1-2" daemon [_thread_in_native, id=55356, stack(0x00000053e4b00000,0x00000053e4c00000)]
  0x00000184fbad2660 JavaThread "AsyncHttpClient-1-3" daemon [_thread_in_native, id=51364, stack(0x00000053e4c00000,0x00000053e4d00000)]
  0x00000184fbace7d0 JavaThread "AsyncHttpClient-1-4" daemon [_thread_in_native, id=53796, stack(0x00000053e4d00000,0x00000053e4e00000)]

Other Threads:
  0x00000184f94bdb40 VMThread "VM Thread" [stack: 0x00000053e3100000,0x00000053e3200000] [id=55600]
  0x00000184dfe1c850 WatcherThread [stack: 0x00000053e3c00000,0x00000053e3d00000] [id=35656]
  0x00000184dfdf6490 GCTaskThread "GC Thread#0" [stack: 0x00000053e2c00000,0x00000053e2d00000] [id=54628]
  0x00000184fabb1030 GCTaskThread "GC Thread#1" [stack: 0x00000053e3e00000,0x00000053e3f00000] [id=53972]
  0x00000184fb85c920 GCTaskThread "GC Thread#2" [stack: 0x00000053e3f00000,0x00000053e4000000] [id=21384]
  0x00000184fabe2b30 GCTaskThread "GC Thread#3" [stack: 0x00000053e4000000,0x00000053e4100000] [id=55604]
  0x00000184dfe07930 ConcurrentGCThread "G1 Main Marker" [stack: 0x00000053e2d00000,0x00000053e2e00000] [id=53120]
  0x00000184dfe09350 ConcurrentGCThread "G1 Conc#0" [stack: 0x00000053e2e00000,0x00000053e2f00000] [id=48540]
  0x00000184f93320b0 ConcurrentGCThread "G1 Refine#0" [stack: 0x00000053e2f00000,0x00000053e3000000] [id=49024]
  0x00000184f9332780 ConcurrentGCThread "G1 Service" [stack: 0x00000053e3000000,0x00000053e3100000] [id=50296]

Threads with active compile tasks:
C2 CompilerThread0     2759 1660   !   4       jdk.internal.loader.URLClassPath$JarLoader::getResource (354 bytes)

VM state: not at safepoint (normal execution)

VM Mutex/Monitor currently owned by a thread: None

Heap address: 0x0000000081200000, size: 2030 MB, Compressed Oops mode: 32-bit

CDS archive(s) not mapped
Compressed class space mapped at: 0x0000000100000000-0x0000000140000000, reserved size: 1073741824
Narrow klass base: 0x0000000000000000, Narrow klass shift: 3, Narrow klass range: 0x140000000

GC Precious Log:
 CPUs: 4 total, 4 available
 Memory: 8117M
 Large Page Support: Disabled
 NUMA Support: Disabled
 Compressed Oops: Enabled (32-bit)
 Heap Region Size: 1M
 Heap Min Capacity: 8M
 Heap Initial Capacity: 128M
 Heap Max Capacity: 2030M
 Pre-touch: Disabled
 Parallel Workers: 4
 Concurrent Workers: 1
 Concurrent Refinement Workers: 4
 Periodic GC: Disabled

Heap:
 garbage-first heap   total 34816K, used 15583K [0x0000000081200000, 0x0000000100000000)
  region size 1024K, 3 young (3072K), 1 survivors (1024K)
 Metaspace       used 25793K, committed 26048K, reserved 1073152K
  class space    used 2897K, committed 3008K, reserved 1048576K

Heap Regions: E=young(eden), S=young(survivor), O=old, HS=humongous(starts), HC=humongous(continues), CS=collection set, F=free, OA=open archive, CA=closed archive, TAMS=top-at-mark-start (previous, next)
|   0|0x0000000081200000, 0x0000000081300000, 0x0000000081300000|100%| O|  |TAMS 0x0000000081300000, 0x0000000081200000| Untracked 
|   1|0x0000000081300000, 0x0000000081400000, 0x0000000081400000|100%| O|  |TAMS 0x0000000081400000, 0x0000000081300000| Untracked 
|   2|0x0000000081400000, 0x0000000081500000, 0x0000000081500000|100%| O|  |TAMS 0x0000000081500000, 0x0000000081400000| Untracked 
|   3|0x0000000081500000, 0x0000000081600000, 0x0000000081600000|100%| O|  |TAMS 0x0000000081600000, 0x0000000081500000| Untracked 
|   4|0x0000000081600000, 0x0000000081700000, 0x0000000081700000|100%| O|  |TAMS 0x00000000816a7e00, 0x0000000081600000| Untracked 
|   5|0x0000000081700000, 0x0000000081800000, 0x0000000081800000|100%| O|  |TAMS 0x0000000081700000, 0x0000000081700000| Untracked 
|   6|0x0000000081800000, 0x0000000081800000, 0x0000000081900000|  0%| F|  |TAMS 0x0000000081800000, 0x0000000081800000| Untracked 
|   7|0x0000000081900000, 0x0000000081a00000, 0x0000000081a00000|100%|HS|  |TAMS 0x0000000081900000, 0x0000000081900000| Complete 
|   8|0x0000000081a00000, 0x0000000081b00000, 0x0000000081b00000|100%|HC|  |TAMS 0x0000000081a00000, 0x0000000081a00000| Complete 
|   9|0x0000000081b00000, 0x0000000081c00000, 0x0000000081c00000|100%|HC|  |TAMS 0x0000000081b00000, 0x0000000081b00000| Complete 
|  10|0x0000000081c00000, 0x0000000081d00000, 0x0000000081d00000|100%|HC|  |TAMS 0x0000000081c00000, 0x0000000081c00000| Complete 
|  11|0x0000000081d00000, 0x0000000081e00000, 0x0000000081e00000|100%|HC|  |TAMS 0x0000000081d00000, 0x0000000081d00000| Complete 
|  12|0x0000000081e00000, 0x0000000081f00000, 0x0000000081f00000|100%| O|  |TAMS 0x0000000081e00000, 0x0000000081e00000| Untracked 
|  13|0x0000000081f00000, 0x0000000082000000, 0x0000000082000000|100%| O|  |TAMS 0x0000000081f00000, 0x0000000081f00000| Untracked 
|  14|0x0000000082000000, 0x00000000820cac00, 0x0000000082100000| 79%| O|  |TAMS 0x0000000082000000, 0x0000000082000000| Untracked 
|  15|0x0000000082100000, 0x0000000082100000, 0x0000000082200000|  0%| F|  |TAMS 0x0000000082100000, 0x0000000082100000| Untracked 
|  16|0x0000000082200000, 0x0000000082200000, 0x0000000082300000|  0%| F|  |TAMS 0x0000000082200000, 0x0000000082200000| Untracked 
|  17|0x0000000082300000, 0x0000000082300000, 0x0000000082400000|  0%| F|  |TAMS 0x0000000082300000, 0x0000000082300000| Untracked 
|  18|0x0000000082400000, 0x0000000082400000, 0x0000000082500000|  0%| F|  |TAMS 0x0000000082400000, 0x0000000082400000| Untracked 
|  19|0x0000000082500000, 0x0000000082500000, 0x0000000082600000|  0%| F|  |TAMS 0x0000000082500000, 0x0000000082500000| Untracked 
|  20|0x0000000082600000, 0x0000000082600000, 0x0000000082700000|  0%| F|  |TAMS 0x0000000082600000, 0x0000000082600000| Untracked 
|  21|0x0000000082700000, 0x0000000082700000, 0x0000000082800000|  0%| F|  |TAMS 0x0000000082700000, 0x0000000082700000| Untracked 
|  22|0x0000000082800000, 0x0000000082800000, 0x0000000082900000|  0%| F|  |TAMS 0x0000000082800000, 0x0000000082800000| Untracked 
|  23|0x0000000082900000, 0x0000000082900000, 0x0000000082a00000|  0%| F|  |TAMS 0x0000000082900000, 0x0000000082900000| Untracked 
|  24|0x0000000082a00000, 0x0000000082a00000, 0x0000000082b00000|  0%| F|  |TAMS 0x0000000082a00000, 0x0000000082a00000| Untracked 
|  25|0x0000000082b00000, 0x0000000082b00000, 0x0000000082c00000|  0%| F|  |TAMS 0x0000000082b00000, 0x0000000082b00000| Untracked 
|  26|0x0000000082c00000, 0x0000000082c00000, 0x0000000082d00000|  0%| F|  |TAMS 0x0000000082c00000, 0x0000000082c00000| Untracked 
|  27|0x0000000082d00000, 0x0000000082d00000, 0x0000000082e00000|  0%| F|  |TAMS 0x0000000082d00000, 0x0000000082d00000| Untracked 
|  28|0x0000000082e00000, 0x0000000082e00000, 0x0000000082f00000|  0%| F|  |TAMS 0x0000000082e00000, 0x0000000082e00000| Untracked 
|  29|0x0000000082f00000, 0x0000000082f00000, 0x0000000083000000|  0%| F|  |TAMS 0x0000000082f00000, 0x0000000082f00000| Untracked 
|  30|0x0000000083000000, 0x0000000083000000, 0x0000000083100000|  0%| F|  |TAMS 0x0000000083000000, 0x0000000083000000| Untracked 
| 109|0x0000000087f00000, 0x0000000087f2cc30, 0x0000000088000000| 17%| E|  |TAMS 0x0000000087f00000, 0x0000000087f00000| Complete 
| 110|0x0000000088000000, 0x000000008806d060, 0x0000000088100000| 42%| S|CS|TAMS 0x0000000088000000, 0x0000000088000000| Complete 
| 127|0x0000000089100000, 0x0000000089200000, 0x0000000089200000|100%| E|CS|TAMS 0x0000000089100000, 0x0000000089100000| Complete 

Card table byte_map: [0x00000184f2860000,0x00000184f2c60000] _byte_map_base: 0x00000184f2457000

Marking Bits (Prev, Next): (CMBitMap*) 0x00000184dfdf6ae0, (CMBitMap*) 0x00000184dfdf6aa0
 Prev Bits: [0x00000184f5020000, 0x00000184f6fd8000)
 Next Bits: [0x00000184f3060000, 0x00000184f5018000)

Polling page: 0x00000184ddbe0000

Metaspace:

Usage:
  Non-class:     22.40 MB used.
      Class:      2.83 MB used.
       Both:     25.23 MB used.

Virtual space:
  Non-class space:       24.00 MB reserved,      22.50 MB ( 94%) committed,  3 nodes.
      Class space:        1.00 GB reserved,       2.94 MB ( <1%) committed,  1 nodes.
             Both:        1.02 GB reserved,      25.44 MB (  2%) committed. 

Chunk freelists:
   Non-Class:  1004.00 KB
       Class:  1021.00 KB
        Both:  1.98 MB

MaxMetaspaceSize: unlimited
CompressedClassSpaceSize: 1.00 GB
Initial GC threshold: 21.00 MB
Current GC threshold: 35.12 MB
CDS: off
MetaspaceReclaimPolicy: balanced
 - commit_granule_bytes: 65536.
 - commit_granule_words: 8192.
 - virtual_space_node_default_size: 1048576.
 - enlarge_chunks_in_place: 1.
 - new_chunks_are_fully_committed: 0.
 - uncommit_free_chunks: 1.
 - use_allocation_guard: 0.
 - handle_deallocations: 1.


Internal statistics:

num_allocs_failed_limit: 3.
num_arena_births: 124.
num_arena_deaths: 0.
num_vsnodes_births: 4.
num_vsnodes_deaths: 0.
num_space_committed: 407.
num_space_uncommitted: 0.
num_chunks_returned_to_freelist: 3.
num_chunks_taken_from_freelist: 545.
num_chunk_merges: 3.
num_chunk_splits: 370.
num_chunks_enlarged: 304.
num_purges: 0.
num_inconsistent_stats: 0.

CodeHeap 'non-profiled nmethods': size=120000Kb used=600Kb max_used=600Kb free=119399Kb
 bounds [0x00000184eaf30000, 0x00000184eb1a0000, 0x00000184f2460000]
CodeHeap 'profiled nmethods': size=120000Kb used=3289Kb max_used=3289Kb free=116710Kb
 bounds [0x00000184e3a00000, 0x00000184e3d40000, 0x00000184eaf30000]
CodeHeap 'non-nmethods': size=5760Kb used=1253Kb max_used=1261Kb free=4507Kb
 bounds [0x00000184e3460000, 0x00000184e36d0000, 0x00000184e3a00000]
 total_blobs=2331 nmethods=1768 adapters=476
 compilation: enabled
              stopped_count=0, restarted_count=0
 full_count=0

Compilation events (20 events):
Event: 2.693 Thread 0x00000184fa034270 1689   !   3       jdk.internal.misc.ScopedMemoryAccess::getIntUnaligned (22 bytes)
Event: 2.693 Thread 0x00000184fa034270 nmethod 1689 0x00000184e3d1ca10 code [0x00000184e3d1cc00, 0x00000184e3d1d1c8]
Event: 2.693 Thread 0x00000184fa034270 1692       3       io.netty.channel.AbstractChannelHandlerContext::executor (22 bytes)
Event: 2.693 Thread 0x00000184fa034270 nmethod 1692 0x00000184e3d1d490 code [0x00000184e3d1d680, 0x00000184e3d1dd28]
Event: 2.701 Thread 0x00000184fa034270 1693       3       java.lang.Class::getInterfaces (49 bytes)
Event: 2.701 Thread 0x00000184fa034270 nmethod 1693 0x00000184e3d1df10 code [0x00000184e3d1e100, 0x00000184e3d1e5d8]
Event: 2.702 Thread 0x00000184fa034270 1694       3       java.util.concurrent.ConcurrentHashMap::remove (8 bytes)
Event: 2.703 Thread 0x00000184fa034270 nmethod 1694 0x00000184e3d1e710 code [0x00000184e3d1e8c0, 0x00000184e3d1ea08]
Event: 2.710 Thread 0x00000184fa034270 1695   !   3       java.lang.invoke.MethodHandles$Lookup::canBeCached (150 bytes)
Event: 2.712 Thread 0x00000184fa034270 nmethod 1695 0x00000184e3d1ea90 code [0x00000184e3d1eee0, 0x00000184e3d21268]
Event: 2.712 Thread 0x00000184fa034270 1696       3       java.lang.Module::allows (60 bytes)
Event: 2.713 Thread 0x00000184fa034270 nmethod 1696 0x00000184e3d21e10 code [0x00000184e3d22000, 0x00000184e3d22628]
Event: 2.713 Thread 0x00000184fa034270 1697       3       java.nio.HeapByteBuffer::ix (7 bytes)
Event: 2.713 Thread 0x00000184fa034270 nmethod 1697 0x00000184e3d22790 code [0x00000184e3d22920, 0x00000184e3d22a38]
Event: 2.713 Thread 0x00000184fa034270 1698       3       java.util.concurrent.ConcurrentHashMap::<init> (73 bytes)
Event: 2.714 Thread 0x00000184fa034270 nmethod 1698 0x00000184e3d22b10 code [0x00000184e3d22d20, 0x00000184e3d23298]
Event: 2.714 Thread 0x00000184fa034270 1699       3       java.util.concurrent.ConcurrentHashMap::tableSizeFor (32 bytes)
Event: 2.714 Thread 0x00000184fa034270 nmethod 1699 0x00000184e3d23410 code [0x00000184e3d235c0, 0x00000184e3d237e8]
Event: 2.716 Thread 0x00000184fa034270 1700       1       sun.nio.fs.WindowsFileSystem::provider (5 bytes)
Event: 2.716 Thread 0x00000184fa034270 nmethod 1700 0x00000184eafc0790 code [0x00000184eafc0920, 0x00000184eafc09f8]

GC Heap History (10 events):
Event: 0.918 GC heap before
{Heap before GC invocations=0 (full 0):
 garbage-first heap   total 131072K, used 12288K [0x0000000081200000, 0x0000000100000000)
  region size 1024K, 13 young (13312K), 0 survivors (0K)
 Metaspace       used 11790K, committed 11968K, reserved 1064960K
  class space    used 1167K, committed 1280K, reserved 1048576K
}
Event: 0.922 GC heap after
{Heap after GC invocations=1 (full 0):
 garbage-first heap   total 131072K, used 4903K [0x0000000081200000, 0x0000000100000000)
  region size 1024K, 2 young (2048K), 2 survivors (2048K)
 Metaspace       used 11790K, committed 11968K, reserved 1064960K
  class space    used 1167K, committed 1280K, reserved 1048576K
}
Event: 1.189 GC heap before
{Heap before GC invocations=1 (full 0):
 garbage-first heap   total 131072K, used 16167K [0x0000000081200000, 0x0000000100000000)
  region size 1024K, 14 young (14336K), 2 survivors (2048K)
 Metaspace       used 16238K, committed 16448K, reserved 1064960K
  class space    used 1670K, committed 1792K, reserved 1048576K
}
Event: 1.192 GC heap after
{Heap after GC invocations=2 (full 0):
 garbage-first heap   total 131072K, used 6786K [0x0000000081200000, 0x0000000100000000)
  region size 1024K, 2 young (2048K), 2 survivors (2048K)
 Metaspace       used 16238K, committed 16448K, reserved 1064960K
  class space    used 1670K, committed 1792K, reserved 1048576K
}
Event: 1.568 GC heap before
{Heap before GC invocations=2 (full 0):
 garbage-first heap   total 131072K, used 20098K [0x0000000081200000, 0x0000000100000000)
  region size 1024K, 17 young (17408K), 2 survivors (2048K)
 Metaspace       used 21340K, committed 21504K, reserved 1073152K
  class space    used 2308K, committed 2432K, reserved 1048576K
}
Event: 1.571 GC heap after
{Heap after GC invocations=3 (full 0):
 garbage-first heap   total 131072K, used 8139K [0x0000000081200000, 0x0000000100000000)
  region size 1024K, 2 young (2048K), 2 survivors (2048K)
 Metaspace       used 21340K, committed 21504K, reserved 1073152K
  class space    used 2308K, committed 2432K, reserved 1048576K
}
Event: 2.695 GC heap before
{Heap before GC invocations=4 (full 0):
 garbage-first heap   total 34816K, used 25547K [0x0000000081200000, 0x0000000100000000)
  region size 1024K, 15 young (15360K), 2 survivors (2048K)
 Metaspace       used 24703K, committed 24896K, reserved 1073152K
  class space    used 2793K, committed 2880K, reserved 1048576K
}
Event: 2.699 GC heap after
{Heap after GC invocations=5 (full 0):
 garbage-first heap   total 34816K, used 14174K [0x0000000081200000, 0x0000000100000000)
  region size 1024K, 3 young (3072K), 3 survivors (3072K)
 Metaspace       used 24703K, committed 24896K, reserved 1073152K
  class space    used 2793K, committed 2880K, reserved 1048576K
}
Event: 2.716 GC heap before
{Heap before GC invocations=5 (full 0):
 garbage-first heap   total 34816K, used 15198K [0x0000000081200000, 0x0000000100000000)
  region size 1024K, 4 young (4096K), 3 survivors (3072K)
 Metaspace       used 24881K, committed 25088K, reserved 1073152K
  class space    used 2813K, committed 2880K, reserved 1048576K
}
Event: 2.720 GC heap after
{Heap after GC invocations=6 (full 0):
 garbage-first heap   total 34816K, used 14559K [0x0000000081200000, 0x0000000100000000)
  region size 1024K, 1 young (1024K), 1 survivors (1024K)
 Metaspace       used 24881K, committed 25088K, reserved 1073152K
  class space    used 2813K, committed 2880K, reserved 1048576K
}

Deoptimization events (20 events):
Event: 2.621 Thread 0x00000184dfd8b8b0 Uncommon trap: trap_request=0xffffffde fr.pc=0x00000184eafae8b8 relative=0x0000000000000118
Event: 2.621 Thread 0x00000184dfd8b8b0 Uncommon trap: reason=class_check action=maybe_recompile pc=0x00000184eafae8b8 method=org.openqa.selenium.json.Input.fill()Z @ 85 c2
Event: 2.621 Thread 0x00000184dfd8b8b0 DEOPT PACKING pc=0x00000184eafae8b8 sp=0x00000053e2bfe4e0
Event: 2.621 Thread 0x00000184dfd8b8b0 DEOPT UNPACKING pc=0x00000184e34b23a3 sp=0x00000053e2bfe460 mode 2
Event: 2.632 Thread 0x00000184dfd8b8b0 Uncommon trap: trap_request=0xffffffde fr.pc=0x00000184eaf8dc0c relative=0x00000000000009ec
Event: 2.632 Thread 0x00000184dfd8b8b0 Uncommon trap: reason=class_check action=maybe_recompile pc=0x00000184eaf8dc0c method=java.util.HashMap.putVal(ILjava/lang/Object;Ljava/lang/Object;ZZ)Ljava/lang/Object; @ 253 c2
Event: 2.632 Thread 0x00000184dfd8b8b0 DEOPT PACKING pc=0x00000184eaf8dc0c sp=0x00000053e2bfe120
Event: 2.632 Thread 0x00000184dfd8b8b0 DEOPT UNPACKING pc=0x00000184e34b23a3 sp=0x00000053e2bfe068 mode 2
Event: 2.642 Thread 0x00000184dfd8b8b0 Uncommon trap: trap_request=0xffffff45 fr.pc=0x00000184eaf87fec relative=0x0000000000000fcc
Event: 2.642 Thread 0x00000184dfd8b8b0 Uncommon trap: reason=unstable_if action=reinterpret pc=0x00000184eaf87fec method=java.util.concurrent.ConcurrentHashMap.putVal(Ljava/lang/Object;Ljava/lang/Object;Z)Ljava/lang/Object; @ 231 c2
Event: 2.642 Thread 0x00000184dfd8b8b0 DEOPT PACKING pc=0x00000184eaf87fec sp=0x00000053e2bfe890
Event: 2.642 Thread 0x00000184dfd8b8b0 DEOPT UNPACKING pc=0x00000184e34b23a3 sp=0x00000053e2bfe800 mode 2
Event: 2.666 Thread 0x00000184fbad2660 Uncommon trap: trap_request=0xffffffde fr.pc=0x00000184eaf8afc4 relative=0x00000000000007c4
Event: 2.666 Thread 0x00000184fbad2660 Uncommon trap: reason=class_check action=maybe_recompile pc=0x00000184eaf8afc4 method=java.util.HashMap.putVal(ILjava/lang/Object;Ljava/lang/Object;ZZ)Ljava/lang/Object; @ 91 c2
Event: 2.666 Thread 0x00000184fbad2660 DEOPT PACKING pc=0x00000184eaf8afc4 sp=0x00000053e4cfeb40
Event: 2.666 Thread 0x00000184fbad2660 DEOPT UNPACKING pc=0x00000184e34b23a3 sp=0x00000053e4cfeaf0 mode 2
Event: 2.668 Thread 0x00000184dfd8b8b0 Uncommon trap: trap_request=0xffffffde fr.pc=0x00000184eafae8b8 relative=0x0000000000000118
Event: 2.668 Thread 0x00000184dfd8b8b0 Uncommon trap: reason=class_check action=maybe_recompile pc=0x00000184eafae8b8 method=org.openqa.selenium.json.Input.fill()Z @ 85 c2
Event: 2.668 Thread 0x00000184dfd8b8b0 DEOPT PACKING pc=0x00000184eafae8b8 sp=0x00000053e2bfe870
Event: 2.668 Thread 0x00000184dfd8b8b0 DEOPT UNPACKING pc=0x00000184e34b23a3 sp=0x00000053e2bfe7f0 mode 2

Classes unloaded (0 events):
No events

Classes redefined (0 events):
No events

Internal exceptions (20 events):
Event: 0.974 Thread 0x00000184dfd8b8b0 Exception <a 'java/lang/NoClassDefFoundError'{0x0000000088f0e3e0}> (0x0000000088f0e3e0) 
thrown [s\src\hotspot\share\oops\instanceKlass.cpp, line 1166]
Event: 0.976 Thread 0x00000184dfd8b8b0 Exception <a 'java/lang/NoClassDefFoundError'{0x0000000088f18418}: org/apache/logging/log4j/spi/ExtendedLoggerWrapper> (0x0000000088f18418) 
thrown [s\src\hotspot\share\classfile\systemDictionary.cpp, line 245]
Event: 0.977 Thread 0x00000184dfd8b8b0 Exception <a 'java/lang/NoClassDefFoundError'{0x0000000088f229f8}: org/apache/log4j/Priority> (0x0000000088f229f8) 
thrown [s\src\hotspot\share\classfile\systemDictionary.cpp, line 245]
Event: 1.026 Thread 0x00000184dfd8b8b0 Exception <a 'java/lang/NoSuchMethodError'{0x0000000088ec95b0}: 'int java.lang.invoke.DirectMethodHandle$Holder.invokeSpecial(java.lang.Object, java.lang.Object, java.lang.Object)'> (0x0000000088ec95b0) 
thrown [s\src\hotspot\share\interpreter\linkResolver.cpp, line 759]
Event: 1.098 Thread 0x00000184dfd8b8b0 Exception <a 'sun/nio/fs/WindowsException'{0x0000000088a2c880}> (0x0000000088a2c880) 
thrown [s\src\hotspot\share\prims\jni.cpp, line 516]
Event: 1.105 Thread 0x00000184dfd8b8b0 Exception <a 'java/lang/NoSuchMethodError'{0x0000000088a4c2b0}: 'int java.lang.invoke.DirectMethodHandle$Holder.invokeStaticInit(java.lang.Object, java.lang.Object, java.lang.Object, java.lang.Object)'> (0x0000000088a4c2b0) 
thrown [s\src\hotspot\share\interpreter\linkResolver.cpp, line 759]
Event: 1.106 Thread 0x00000184dfd8b8b0 Exception <a 'java/lang/NoSuchMethodError'{0x0000000088a557a0}: 'java.lang.Object java.lang.invoke.DirectMethodHandle$Holder.invokeInterface(java.lang.Object, java.lang.Object)'> (0x0000000088a557a0) 
thrown [s\src\hotspot\share\interpreter\linkResolver.cpp, line 759]
Event: 1.106 Thread 0x00000184dfd8b8b0 Exception <a 'java/lang/IncompatibleClassChangeError'{0x0000000088a58f98}: Found class java.lang.Object, but interface was expected> (0x0000000088a58f98) 
thrown [s\src\hotspot\share\interpreter\linkResolver.cpp, line 826]
Event: 1.392 Thread 0x00000184dfd8b8b0 Exception <a 'java/lang/NoSuchMethodError'{0x00000000889e9b90}: 'java.lang.Object java.lang.invoke.DirectMethodHandle$Holder.invokeInterface(java.lang.Object, java.lang.Object, java.lang.Object, java.lang.Object)'> (0x00000000889e9b90) 
thrown [s\src\hotspot\share\interpreter\linkResolver.cpp, line 759]
Event: 1.394 Thread 0x00000184dfd8b8b0 Exception <a 'java/lang/NoSuchMethodError'{0x00000000889f6438}: 'void java.lang.invoke.DirectMethodHandle$Holder.invokeInterface(java.lang.Object, java.lang.Object, java.lang.Object)'> (0x00000000889f6438) 
thrown [s\src\hotspot\share\interpreter\linkResolver.cpp, line 759]
Event: 1.397 Thread 0x00000184dfd8b8b0 Exception <a 'java/lang/NoSuchMethodError'{0x000000008880a598}: 'java.lang.Object java.lang.invoke.DirectMethodHandle$Holder.invokeInterface(java.lang.Object, java.lang.Object, java.lang.Object)'> (0x000000008880a598) 
thrown [s\src\hotspot\share\interpreter\linkResolver.cpp, line 759]
Event: 1.397 Thread 0x00000184dfd8b8b0 Exception <a 'java/lang/IncompatibleClassChangeError'{0x000000008880dc60}: Found class java.lang.Object, but interface was expected> (0x000000008880dc60) 
thrown [s\src\hotspot\share\interpreter\linkResolver.cpp, line 826]
Event: 1.398 Thread 0x00000184dfd8b8b0 Exception <a 'java/lang/NoSuchMethodError'{0x0000000088816248}: 'int java.lang.invoke.DirectMethodHandle$Holder.invokeSpecialIFC(java.lang.Object, java.lang.Object, java.lang.Object, java.lang.Object)'> (0x0000000088816248) 
thrown [s\src\hotspot\share\interpreter\linkResolver.cpp, line 759]
Event: 1.512 Thread 0x00000184dfd8b8b0 Exception <a 'java/lang/NoSuchMethodError'{0x00000000886416a0}: 'void java.lang.invoke.DirectMethodHandle$Holder.invokeSpecial(java.lang.Object, java.lang.Object, java.lang.Object, java.lang.Object, java.lang.Object)'> (0x00000000886416a0) 
thrown [s\src\hotspot\share\interpreter\linkResolver.cpp, line 759]
Event: 1.512 Thread 0x00000184dfd8b8b0 Exception <a 'java/lang/NoSuchMethodError'{0x0000000088648580}: 'void java.lang.invoke.DirectMethodHandle$Holder.invokeStatic(java.lang.Object, java.lang.Object, int)'> (0x0000000088648580) 
thrown [s\src\hotspot\share\interpreter\linkResolver.cpp, line 759]
Event: 1.521 Thread 0x00000184dfd8b8b0 Exception <a 'java/lang/NoSuchMethodError'{0x00000000886b8bb8}: 'java.lang.Object java.lang.invoke.DirectMethodHandle$Holder.newInvokeSpecial(java.lang.Object, java.lang.Object, java.lang.Object, java.lang.Object, java.lang.Object)'> (0x00000000886b8bb8) 
thrown [s\src\hotspot\share\interpreter\linkResolver.cpp, line 759]
Event: 1.547 Thread 0x00000184dfd8b8b0 Exception <a 'java/lang/NoSuchMethodError'{0x000000008831dd58}: 'int java.lang.invoke.DirectMethodHandle$Holder.invokeSpecialIFC(java.lang.Object, java.lang.Object, java.lang.Object)'> (0x000000008831dd58) 
thrown [s\src\hotspot\share\interpreter\linkResolver.cpp, line 759]
Event: 1.559 Thread 0x00000184dfd8b8b0 Exception <a 'java/lang/NoSuchMethodError'{0x00000000883b7af8}: 'java.lang.Object java.lang.invoke.Invokers$Holder.invokeExact_MT(java.lang.Object, java.lang.Object, java.lang.Object, java.lang.Object, java.lang.Object, java.lang.Object)'> (0x00000000883b7af8) 
thrown [s\src\hotspot\share\interpreter\linkResolver.cpp, line 759]
Event: 2.623 Thread 0x00000184dfd8b8b0 Exception <a 'java/lang/NoSuchMethodError'{0x00000000828dac28}: 'java.lang.Object java.lang.invoke.DirectMethodHandle$Holder.invokeSpecialIFC(java.lang.Object, java.lang.Object, java.lang.Object)'> (0x00000000828dac28) 
thrown [s\src\hotspot\share\interpreter\linkResolver.cpp, line 759]
Event: 2.629 Thread 0x00000184dfd8b8b0 Exception <a 'java/lang/NoSuchMethodError'{0x0000000082707d50}: 'void java.lang.invoke.DirectMethodHandle$Holder.invokeSpecial(java.lang.Object, java.lang.Object, java.lang.Object)'> (0x0000000082707d50) 
thrown [s\src\hotspot\share\interpreter\linkResolver.cpp, line 759]

VM Operations (20 events):
Event: 1.311 Executing VM operation: HandshakeAllThreads
Event: 1.311 Executing VM operation: HandshakeAllThreads done
Event: 1.484 Executing VM operation: HandshakeAllThreads
Event: 1.484 Executing VM operation: HandshakeAllThreads done
Event: 1.484 Executing VM operation: HandshakeAllThreads
Event: 1.484 Executing VM operation: HandshakeAllThreads done
Event: 1.485 Executing VM operation: HandshakeAllThreads
Event: 1.485 Executing VM operation: HandshakeAllThreads done
Event: 1.568 Executing VM operation: CollectForMetadataAllocation
Event: 1.571 Executing VM operation: CollectForMetadataAllocation done
Event: 1.577 Executing VM operation: G1Concurrent
Event: 1.579 Executing VM operation: G1Concurrent done
Event: 1.582 Executing VM operation: G1Concurrent
Event: 1.582 Executing VM operation: G1Concurrent done
Event: 2.592 Executing VM operation: Cleanup
Event: 2.593 Executing VM operation: Cleanup done
Event: 2.695 Executing VM operation: G1CollectForAllocation
Event: 2.699 Executing VM operation: G1CollectForAllocation done
Event: 2.716 Executing VM operation: G1CollectForAllocation
Event: 2.720 Executing VM operation: G1CollectForAllocation done

Events (20 events):
Event: 2.671 loading class java/util/concurrent/locks/ReentrantReadWriteLock$Sync
Event: 2.671 loading class java/util/concurrent/locks/ReentrantReadWriteLock$Sync done
Event: 2.671 loading class java/util/concurrent/locks/ReentrantReadWriteLock$FairSync done
Event: 2.671 loading class java/util/concurrent/locks/ReentrantReadWriteLock$Sync$ThreadLocalHoldCounter
Event: 2.671 loading class java/util/concurrent/locks/ReentrantReadWriteLock$Sync$ThreadLocalHoldCounter done
Event: 2.671 loading class java/util/concurrent/locks/ReentrantReadWriteLock$ReadLock
Event: 2.671 loading class java/util/concurrent/locks/ReentrantReadWriteLock$ReadLock done
Event: 2.671 loading class java/util/concurrent/locks/ReentrantReadWriteLock$WriteLock
Event: 2.671 loading class java/util/concurrent/locks/ReentrantReadWriteLock$WriteLock done
Event: 2.678 loading class java/util/Base64
Event: 2.678 loading class java/util/Base64 done
Event: 2.678 loading class java/util/Base64$Encoder
Event: 2.678 loading class java/util/Base64$Encoder done
Event: 2.679 Thread 0x00000184fbace7d0 Thread added: 0x00000184fbace7d0
Event: 2.680 loading class java/util/concurrent/CompletableFuture$UniExceptionally
Event: 2.680 loading class java/util/concurrent/CompletableFuture$UniCompletion
Event: 2.680 loading class java/util/concurrent/CompletableFuture$UniCompletion done
Event: 2.680 loading class java/util/concurrent/CompletableFuture$UniExceptionally done
Event: 2.692 loading class java/lang/Deprecated
Event: 2.692 loading class java/lang/Deprecated done


Dynamic libraries:
0x00007ff7ea340000 - 0x00007ff7ea34e000 	C:\Users\thoma\.p2\pool\plugins\org.eclipse.justj.openjdk.hotspot.jre.full.win32.x86_64_17.0.4.v20221004-1257\jre\bin\javaw.exe
0x00007ffe226f0000 - 0x00007ffe228e8000 	C:\WINDOWS\SYSTEM32\ntdll.dll
0x00007ffe20930000 - 0x00007ffe209ef000 	C:\WINDOWS\System32\KERNEL32.DLL
0x00007ffe200f0000 - 0x00007ffe203ca000 	C:\WINDOWS\System32\KERNELBASE.dll
0x00007ffe1fff0000 - 0x00007ffe200f0000 	C:\WINDOWS\System32\ucrtbase.dll
0x00007ffe1aa80000 - 0x00007ffe1aa98000 	C:\Users\thoma\.p2\pool\plugins\org.eclipse.justj.openjdk.hotspot.jre.full.win32.x86_64_17.0.4.v20221004-1257\jre\bin\jli.dll
0x00007ffe18e90000 - 0x00007ffe18ea9000 	C:\Users\thoma\.p2\pool\plugins\org.eclipse.justj.openjdk.hotspot.jre.full.win32.x86_64_17.0.4.v20221004-1257\jre\bin\VCRUNTIME140.dll
0x00007ffe21430000 - 0x00007ffe215cd000 	C:\WINDOWS\System32\USER32.dll
0x00007ffe203d0000 - 0x00007ffe203f2000 	C:\WINDOWS\System32\win32u.dll
0x00007ffe20bb0000 - 0x00007ffe20bdb000 	C:\WINDOWS\System32\GDI32.dll
0x00007ffe204c0000 - 0x00007ffe205d0000 	C:\WINDOWS\System32\gdi32full.dll
0x00007ffe206b0000 - 0x00007ffe2074d000 	C:\WINDOWS\System32\msvcp_win.dll
0x00007ffe131f0000 - 0x00007ffe1348a000 	C:\WINDOWS\WinSxS\amd64_microsoft.windows.common-controls_6595b64144ccf1df_6.0.19041.1110_none_60b5254171f9507e\COMCTL32.dll
0x00007ffe209f0000 - 0x00007ffe20a8e000 	C:\WINDOWS\System32\msvcrt.dll
0x00007ffe20be0000 - 0x00007ffe20c10000 	C:\WINDOWS\System32\IMM32.DLL
0x00007ffe1a430000 - 0x00007ffe1a43c000 	C:\Users\thoma\.p2\pool\plugins\org.eclipse.justj.openjdk.hotspot.jre.full.win32.x86_64_17.0.4.v20221004-1257\jre\bin\vcruntime140_1.dll
0x00007ffe12640000 - 0x00007ffe126d1000 	C:\Users\thoma\.p2\pool\plugins\org.eclipse.justj.openjdk.hotspot.jre.full.win32.x86_64_17.0.4.v20221004-1257\jre\bin\msvcp140.dll
0x00007ffde7a00000 - 0x00007ffde8646000 	C:\Users\thoma\.p2\pool\plugins\org.eclipse.justj.openjdk.hotspot.jre.full.win32.x86_64_17.0.4.v20221004-1257\jre\bin\server\jvm.dll
0x00007ffe20880000 - 0x00007ffe2092e000 	C:\WINDOWS\System32\ADVAPI32.dll
0x00007ffe22530000 - 0x00007ffe225cc000 	C:\WINDOWS\System32\sechost.dll
0x00007ffe20750000 - 0x00007ffe20876000 	C:\WINDOWS\System32\RPCRT4.dll
0x00007ffe21690000 - 0x00007ffe21698000 	C:\WINDOWS\System32\PSAPI.DLL
0x00007ffe1d620000 - 0x00007ffe1d629000 	C:\WINDOWS\SYSTEM32\WSOCK32.dll
0x00007ffe13f90000 - 0x00007ffe13fb7000 	C:\WINDOWS\SYSTEM32\WINMM.dll
0x00007ffe22390000 - 0x00007ffe223fb000 	C:\WINDOWS\System32\WS2_32.dll
0x00007ffe191b0000 - 0x00007ffe191ba000 	C:\WINDOWS\SYSTEM32\VERSION.dll
0x00007ffe1dce0000 - 0x00007ffe1dcf2000 	C:\WINDOWS\SYSTEM32\kernel.appcore.dll
0x00007ffe1d5c0000 - 0x00007ffe1d5ca000 	C:\Users\thoma\.p2\pool\plugins\org.eclipse.justj.openjdk.hotspot.jre.full.win32.x86_64_17.0.4.v20221004-1257\jre\bin\jimage.dll
0x00007ffe07460000 - 0x00007ffe07644000 	C:\WINDOWS\SYSTEM32\DBGHELP.DLL
0x00007ffe06f80000 - 0x00007ffe06fb4000 	C:\WINDOWS\SYSTEM32\dbgcore.DLL
0x00007ffe1fe00000 - 0x00007ffe1fe82000 	C:\WINDOWS\System32\bcryptPrimitives.dll
0x00007ffe1a680000 - 0x00007ffe1a6a5000 	C:\Users\thoma\.p2\pool\plugins\org.eclipse.justj.openjdk.hotspot.jre.full.win32.x86_64_17.0.4.v20221004-1257\jre\bin\java.dll
0x00007ffe1a970000 - 0x00007ffe1a988000 	C:\Users\thoma\.p2\pool\plugins\org.eclipse.justj.openjdk.hotspot.jre.full.win32.x86_64_17.0.4.v20221004-1257\jre\bin\zip.dll
0x00007ffe20c10000 - 0x00007ffe21354000 	C:\WINDOWS\System32\SHELL32.dll
0x00007ffe1dee0000 - 0x00007ffe1e673000 	C:\WINDOWS\SYSTEM32\windows.storage.dll
0x00007ffe21850000 - 0x00007ffe21ba4000 	C:\WINDOWS\System32\combase.dll
0x00007ffe1f860000 - 0x00007ffe1f88e000 	C:\WINDOWS\SYSTEM32\Wldp.dll
0x00007ffe215d0000 - 0x00007ffe2167d000 	C:\WINDOWS\System32\SHCORE.dll
0x00007ffe216a0000 - 0x00007ffe216f5000 	C:\WINDOWS\System32\shlwapi.dll
0x00007ffe1fd40000 - 0x00007ffe1fd5f000 	C:\WINDOWS\SYSTEM32\profapi.dll
0x00007ffe1a830000 - 0x00007ffe1a849000 	C:\Users\thoma\.p2\pool\plugins\org.eclipse.justj.openjdk.hotspot.jre.full.win32.x86_64_17.0.4.v20221004-1257\jre\bin\net.dll
0x00007ffe15f10000 - 0x00007ffe1601a000 	C:\WINDOWS\SYSTEM32\WINHTTP.dll
0x00007ffe1f5c0000 - 0x00007ffe1f62a000 	C:\WINDOWS\system32\mswsock.dll
0x00007ffe1a660000 - 0x00007ffe1a675000 	C:\Users\thoma\.p2\pool\plugins\org.eclipse.justj.openjdk.hotspot.jre.full.win32.x86_64_17.0.4.v20221004-1257\jre\bin\nio.dll
0x00007ffe1f2a0000 - 0x00007ffe1f36b000 	C:\WINDOWS\SYSTEM32\DNSAPI.dll
0x00007ffe1f260000 - 0x00007ffe1f29c000 	C:\WINDOWS\SYSTEM32\IPHLPAPI.DLL
0x00007ffe22380000 - 0x00007ffe22388000 	C:\WINDOWS\System32\NSI.dll
0x00007ffe16190000 - 0x00007ffe1619a000 	C:\Windows\System32\rasadhlp.dll
0x00007ffe14310000 - 0x00007ffe14390000 	C:\WINDOWS\System32\fwpuclnt.dll
0x00007ffe205d0000 - 0x00007ffe205f7000 	C:\WINDOWS\System32\bcrypt.dll
0x00007ffe1f7b0000 - 0x00007ffe1f7c8000 	C:\WINDOWS\SYSTEM32\CRYPTSP.dll
0x00007ffe1ee70000 - 0x00007ffe1eea4000 	C:\WINDOWS\system32\rsaenh.dll
0x00007ffe1fcc0000 - 0x00007ffe1fcee000 	C:\WINDOWS\SYSTEM32\USERENV.dll
0x00007ffe1f7d0000 - 0x00007ffe1f7dc000 	C:\WINDOWS\SYSTEM32\CRYPTBASE.dll
0x00007ffe16580000 - 0x00007ffe16597000 	C:\WINDOWS\SYSTEM32\dhcpcsvc6.DLL
0x00007ffe18ac0000 - 0x00007ffe18add000 	C:\WINDOWS\SYSTEM32\dhcpcsvc.DLL
0x00007ffe1d630000 - 0x00007ffe1d6c0000 	C:\WINDOWS\system32\apphelp.dll
0x00007ffe1a610000 - 0x00007ffe1a620000 	C:\Users\thoma\.p2\pool\plugins\org.eclipse.justj.openjdk.hotspot.jre.full.win32.x86_64_17.0.4.v20221004-1257\jre\bin\verify.dll
0x00007ffe197b0000 - 0x00007ffe197b9000 	C:\Users\thoma\.p2\pool\plugins\org.eclipse.justj.openjdk.hotspot.jre.full.win32.x86_64_17.0.4.v20221004-1257\jre\bin\management.dll
0x00007ffe19590000 - 0x00007ffe1959b000 	C:\Users\thoma\.p2\pool\plugins\org.eclipse.justj.openjdk.hotspot.jre.full.win32.x86_64_17.0.4.v20221004-1257\jre\bin\management_ext.dll
0x00007ffe1d570000 - 0x00007ffe1d57e000 	C:\Users\thoma\.p2\pool\plugins\org.eclipse.justj.openjdk.hotspot.jre.full.win32.x86_64_17.0.4.v20221004-1257\jre\bin\sunmscapi.dll
0x00007ffe1fe90000 - 0x00007ffe1ffe6000 	C:\WINDOWS\System32\CRYPT32.dll
0x00007ffe1f8d0000 - 0x00007ffe1f8f8000 	C:\WINDOWS\SYSTEM32\ncrypt.dll
0x00007ffe1f890000 - 0x00007ffe1f8cb000 	C:\WINDOWS\SYSTEM32\NTASN1.dll
0x00007ffe1aa70000 - 0x00007ffe1aa77000 	C:\WINDOWS\system32\wshunix.dll

dbghelp: loaded successfully - version: 4.0.5 - missing functions: none
symbol engine: initialized successfully - sym options: 0x614 - pdb path: .;C:\Users\thoma\.p2\pool\plugins\org.eclipse.justj.openjdk.hotspot.jre.full.win32.x86_64_17.0.4.v20221004-1257\jre\bin;C:\WINDOWS\SYSTEM32;C:\WINDOWS\WinSxS\amd64_microsoft.windows.common-controls_6595b64144ccf1df_6.0.19041.1110_none_60b5254171f9507e;C:\Users\thoma\.p2\pool\plugins\org.eclipse.justj.openjdk.hotspot.jre.full.win32.x86_64_17.0.4.v20221004-1257\jre\bin\server

VM Arguments:
jvm_args: -Dfile.encoding=UTF-8 -XX:+ShowCodeDetailsInExceptionMessages 
java_command: fr.usmb.projetidu.utils.ScrappingTest
java_class_path (initial): C:\Users\thoma\Desktop\Projet_Idu\target\classes;C:\Users\thoma\.m2\repository\org\yaml\snakeyaml\2.0\snakeyaml-2.0.jar;C:\Users\thoma\.m2\repository\org\openjfx\javafx-controls\19\javafx-controls-19.jar;C:\Users\thoma\.m2\repository\org\openjfx\javafx-controls\19\javafx-controls-19-win.jar;C:\Users\thoma\.m2\repository\org\openjfx\javafx-graphics\19\javafx-graphics-19.jar;C:\Users\thoma\.m2\repository\org\openjfx\javafx-graphics\19\javafx-graphics-19-win.jar;C:\Users\thoma\.m2\repository\org\openjfx\javafx-base\19\javafx-base-19.jar;C:\Users\thoma\.m2\repository\org\openjfx\javafx-base\19\javafx-base-19-win.jar;C:\Users\thoma\.m2\repository\org\openjfx\javafx-fxml\19\javafx-fxml-19.jar;C:\Users\thoma\.m2\repository\org\openjfx\javafx-fxml\19\javafx-fxml-19-win.jar;C:\Users\thoma\.m2\repository\com\mysql\mysql-connector-j\8.0.33\mysql-connector-j-8.0.33.jar;C:\Users\thoma\.m2\repository\com\google\protobuf\protobuf-java\3.21.9\protobuf-java-3.21.9.jar;C:\Users\thoma\.m2\repository\org\jsoup\jsoup\1.15.4\jsoup-1.15.4.jar;C:\Users\thoma\.m2\repository\org\seleniumhq\selenium\selenium-java\4.8.3\selenium-java-4.8.3.jar;C:\Users\thoma\.m2\repository\org\seleniumhq\selenium\selenium-api\4.8.3\selenium-api-4.8.3.jar;C:\Users\thoma\.m2\repository\org\seleniumhq\selenium\selenium-chrome-driver\4.8.3\selenium-chrome-driver-4.8.3.jar;C:\Users\thoma\.m2\repository\com\google\auto\service\auto-service-annotations\1.0.1\auto-service-annotations-1.0.1.jar;C:\Users\thoma\.m2\repository\com\google\auto\service\auto-service\1.0.1\auto-service-1.0.1.jar;C:\Users\thoma\.m2\repository\com\google\auto\auto-common\1.2\auto-common-1.2.jar;C:\Users\thoma\.m2\repository\com\google\guava\guava\31.1-jre\guava-31.1-jre.jar;C:\Users\thoma\.m2\repository\com\google\guava\failureaccess\1.0.1\failureaccess-1.0.1.jar;C:\Users\thoma\.m2\repository\com\google\guava\listenablefuture\9999.0-empty-to-avoid-conflict-with-guava\listenablefuture-9999.0-empty-to-avoid-conflict-w
Launcher Type: SUN_STANDARD

[Global flags]
     intx CICompilerCount                          = 3                                         {product} {ergonomic}
     uint ConcGCThreads                            = 1                                         {product} {ergonomic}
     uint G1ConcRefinementThreads                  = 4                                         {product} {ergonomic}
   size_t G1HeapRegionSize                         = 1048576                                   {product} {ergonomic}
    uintx GCDrainStackTargetSize                   = 64                                        {product} {ergonomic}
   size_t InitialHeapSize                          = 134217728                                 {product} {ergonomic}
   size_t MarkStackSize                            = 4194304                                   {product} {ergonomic}
   size_t MaxHeapSize                              = 2128609280                                {product} {ergonomic}
   size_t MaxNewSize                               = 1277165568                                {product} {ergonomic}
   size_t MinHeapDeltaBytes                        = 1048576                                   {product} {ergonomic}
   size_t MinHeapSize                              = 8388608                                   {product} {ergonomic}
    uintx NonNMethodCodeHeapSize                   = 5832780                                {pd product} {ergonomic}
    uintx NonProfiledCodeHeapSize                  = 122912730                              {pd product} {ergonomic}
    uintx ProfiledCodeHeapSize                     = 122912730                              {pd product} {ergonomic}
    uintx ReservedCodeCacheSize                    = 251658240                              {pd product} {ergonomic}
     bool SegmentedCodeCache                       = true                                      {product} {ergonomic}
     bool ShowCodeDetailsInExceptionMessages       = true                                   {manageable} {command line}
   size_t SoftMaxHeapSize                          = 2128609280                             {manageable} {ergonomic}
     bool UseCompressedClassPointers               = true                           {product lp64_product} {ergonomic}
     bool UseCompressedOops                        = true                           {product lp64_product} {ergonomic}
     bool UseG1GC                                  = true                                      {product} {ergonomic}
     bool UseLargePagesIndividualAllocation        = false                                  {pd product} {ergonomic}

Logging:
Log output configuration:
 #0: stdout all=warning uptime,level,tags
 #1: stderr all=off uptime,level,tags

Environment Variables:
PATH=C:/Users/thoma/.p2/pool/plugins/org.eclipse.justj.openjdk.hotspot.jre.full.win32.x86_64_17.0.4.v20221004-1257/jre/bin/server;C:/Users/thoma/.p2/pool/plugins/org.eclipse.justj.openjdk.hotspot.jre.full.win32.x86_64_17.0.4.v20221004-1257/jre/bin;C:\Program Files\Common Files\Oracle\Java\javapath;C:\WINDOWS\system32;C:\WINDOWS;C:\WINDOWS\System32\Wbem;C:\WINDOWS\System32\WindowsPowerShell\v1.0\;C:\WINDOWS\System32\OpenSSH\;C:\Program Files\Kathara;;C:\Program Files\nodejs\;C:\Program Files\Docker\Docker\resources\bin;C:\Users\thoma\AppData\Local\Microsoft\WindowsApps;C:\Users\thoma\AppData\Local\Programs\Microsoft VS Code\bin;C:\Users\thoma\AppData\Roaming\npm;C:\Users\thoma\AppData\Local\GitHubDesktop\bin;C:\Users\thoma\AppData\Local\Programs\mongosh\;;C:\WINDOWS\System32;
USERNAME=thoma
OS=Windows_NT
PROCESSOR_IDENTIFIER=Intel64 Family 6 Model 94 Stepping 3, GenuineIntel
TMP=C:\Users\thoma\AppData\Local\Temp
TEMP=C:\Users\thoma\AppData\Local\Temp



---------------  S Y S T E M  ---------------

OS:
 Windows 10 , 64 bit Build 19041 (10.0.19041.2788)
OS uptime: 10 days 20:02 hours

CPU: total 4 (initial active 4) (4 cores per cpu, 1 threads per core) family 6 model 94 stepping 3 microcode 0xcc, cx8, cmov, fxsr, mmx, 3dnowpref, sse, sse2, sse3, ssse3, sse4.1, sse4.2, popcnt, lzcnt, tsc, tscinvbit, avx, avx2, aes, erms, clmul, bmi1, bmi2, adx, fma, vzeroupper, clflush, clflushopt

Memory: 4k page, system-wide physical 8117M (162M free)
TotalPageFile size 32693M (AvailPageFile size 4M)
current process WorkingSet (physical memory assigned to process): 122M, peak: 122M
current process commit charge ("private bytes"): 151M, peak: 226M

vm_info: OpenJDK 64-Bit Server VM (17.0.4.1+1) for windows-amd64 JRE (17.0.4.1+1), built on Aug 17 2022 07:42:43 by "temurin" with MS VC++ 16.7 (VS2019)

END.
